<?xml version="1.0" encoding="UTF-8"?>
<testng-results skipped="0" failed="0" ignored="0" total="2" passed="2">
  <reporter-output>
  </reporter-output>
  <suite name="Default suite" duration-ms="36283" started-at="2020-03-15T18:04:00Z" finished-at="2020-03-15T18:04:36Z">
    <groups>
    </groups>
    <test name="Default test" duration-ms="36283" started-at="2020-03-15T18:04:00Z" finished-at="2020-03-15T18:04:36Z">
      <class name="com.crm.qa.testcases.LoginPageTest">
        <test-method status="PASS" signature="setUp()[pri:0, instance:com.crm.qa.testcases.LoginPageTest@39c0f4a]" name="setUp" is-config="true" duration-ms="9040" started-at="2020-03-15T23:34:00Z" finished-at="2020-03-15T23:34:09Z">
          <reporter-output>
          </reporter-output>
        </test-method> <!-- setUp -->
        <test-method status="PASS" signature="loginPageTitleTest()[pri:1, instance:com.crm.qa.testcases.LoginPageTest@39c0f4a]" name="loginPageTitleTest" duration-ms="545" started-at="2020-03-15T23:34:09Z" finished-at="2020-03-15T23:34:09Z">
          <reporter-output>
          </reporter-output>
        </test-method> <!-- loginPageTitleTest -->
        <test-method status="PASS" signature="tearDown()[pri:0, instance:com.crm.qa.testcases.LoginPageTest@39c0f4a]" name="tearDown" is-config="true" duration-ms="0" started-at="2020-03-15T23:34:09Z" finished-at="2020-03-15T23:34:09Z">
          <reporter-output>
          </reporter-output>
        </test-method> <!-- tearDown -->
        <test-method status="PASS" signature="setUp()[pri:0, instance:com.crm.qa.testcases.LoginPageTest@39c0f4a]" name="setUp" is-config="true" duration-ms="12030" started-at="2020-03-15T23:34:09Z" finished-at="2020-03-15T23:34:21Z">
          <reporter-output>
          </reporter-output>
        </test-method> <!-- setUp -->
        <test-method status="PASS" signature="validateUserLoginTest()[pri:2, instance:com.crm.qa.testcases.LoginPageTest@39c0f4a]" name="validateUserLoginTest" duration-ms="14619" started-at="2020-03-15T23:34:21Z" finished-at="2020-03-15T23:34:36Z">
          <reporter-output>
          </reporter-output>
        </test-method> <!-- validateUserLoginTest -->
        <test-method status="PASS" signature="tearDown()[pri:0, instance:com.crm.qa.testcases.LoginPageTest@39c0f4a]" name="tearDown" is-config="true" duration-ms="0" started-at="2020-03-15T23:34:36Z" finished-at="2020-03-15T23:34:36Z">
          <reporter-output>
          </reporter-output>
        </test-method> <!-- tearDown -->
      </class> <!-- com.crm.qa.testcases.LoginPageTest -->
    </test> <!-- Default test -->
  </suite> <!-- Default suite -->
</testng-results>
